2018-03-27 13:38:30,010 [INFO] from akka.event.slf4j.Slf4jLogger in application-akka.actor.default-dispatcher-6 - Slf4jLogger started
2018-03-27 13:38:30,014 [DEBUG] from akka.event.EventStream in application-akka.actor.default-dispatcher-6 - logger log1-Slf4jLogger started
2018-03-27 13:38:30,015 [DEBUG] from play.api.libs.concurrent.ActorSystemProvider in play-dev-mode-akka.actor.default-dispatcher-3 - Starting application default Akka system: application
2018-03-27 13:38:30,016 [DEBUG] from akka.event.EventStream in application-akka.actor.default-dispatcher-6 - Default Loggers started
2018-03-27 13:38:30,165 [DEBUG] from org.apache.hadoop.util.Shell in play-dev-mode-akka.actor.default-dispatcher-3 - Failed to detect a valid hadoop home directory
java.io.FileNotFoundException: HADOOP_HOME and hadoop.home.dir are unset.
	at org.apache.hadoop.util.Shell.checkHadoopHomeInner(Shell.java:429)
	at org.apache.hadoop.util.Shell.checkHadoopHome(Shell.java:400)
	at org.apache.hadoop.util.Shell.<clinit>(Shell.java:477)
	at org.apache.hadoop.util.StringUtils.<clinit>(StringUtils.java:79)
	at org.apache.hadoop.conf.Configuration.getBoolean(Configuration.java:1458)
	at org.apache.hadoop.hbase.HBaseConfiguration.checkDefaultsVersion(HBaseConfiguration.java:68)
	at org.apache.hadoop.hbase.HBaseConfiguration.addHbaseResources(HBaseConfiguration.java:82)
	at org.apache.hadoop.hbase.HBaseConfiguration.create(HBaseConfiguration.java:97)
	at models.CustomerRepository.<init>(CustomerRepository.scala:28)
	at models.CustomerRepository$$FastClassByGuice$$8f6dfec.newInstance(<generated>)
	at com.google.inject.internal.DefaultConstructionProxyFactory$FastClassProxy.newInstance(DefaultConstructionProxyFactory.java:89)
	at com.google.inject.internal.ConstructorInjector.provision(ConstructorInjector.java:111)
	at com.google.inject.internal.ConstructorInjector.construct(ConstructorInjector.java:90)
	at com.google.inject.internal.ConstructorBindingImpl$Factory.get(ConstructorBindingImpl.java:268)
	at com.google.inject.internal.ProviderToInternalFactoryAdapter$1.call(ProviderToInternalFactoryAdapter.java:46)
	at com.google.inject.internal.InjectorImpl.callInContext(InjectorImpl.java:1092)
	at com.google.inject.internal.ProviderToInternalFactoryAdapter.get(ProviderToInternalFactoryAdapter.java:40)
	at com.google.inject.internal.SingletonScope$1.get(SingletonScope.java:194)
	at com.google.inject.internal.InternalFactoryToProviderAdapter.get(InternalFactoryToProviderAdapter.java:41)
	at com.google.inject.internal.SingleParameterInjector.inject(SingleParameterInjector.java:38)
	at com.google.inject.internal.SingleParameterInjector.getAll(SingleParameterInjector.java:62)
	at com.google.inject.internal.ConstructorInjector.provision(ConstructorInjector.java:110)
	at com.google.inject.internal.ConstructorInjector.construct(ConstructorInjector.java:90)
	at com.google.inject.internal.ConstructorBindingImpl$Factory.get(ConstructorBindingImpl.java:268)
	at com.google.inject.internal.SingleParameterInjector.inject(SingleParameterInjector.java:38)
	at com.google.inject.internal.SingleParameterInjector.getAll(SingleParameterInjector.java:62)
	at com.google.inject.internal.ConstructorInjector.provision(ConstructorInjector.java:110)
	at com.google.inject.internal.ConstructorInjector.construct(ConstructorInjector.java:90)
	at com.google.inject.internal.ConstructorBindingImpl$Factory.get(ConstructorBindingImpl.java:268)
	at com.google.inject.internal.InjectorImpl$2$1.call(InjectorImpl.java:1019)
	at com.google.inject.internal.InjectorImpl.callInContext(InjectorImpl.java:1092)
	at com.google.inject.internal.InjectorImpl$2.get(InjectorImpl.java:1015)
	at com.google.inject.internal.InjectorImpl.getInstance(InjectorImpl.java:1054)
	at play.api.inject.guice.GuiceInjector.instanceOf(GuiceInjectorBuilder.scala:409)
	at play.api.inject.ContextClassLoaderInjector.$anonfun$instanceOf$3(Injector.scala:118)
	at play.api.inject.ContextClassLoaderInjector.withContext(Injector.scala:126)
	at play.api.inject.ContextClassLoaderInjector.instanceOf(Injector.scala:118)
	at play.api.inject.RoutesProvider.$anonfun$get$2(BuiltinModule.scala:104)
	at scala.Option.fold(Option.scala:158)
	at play.api.inject.RoutesProvider.get$lzycompute(BuiltinModule.scala:104)
	at play.api.inject.RoutesProvider.get(BuiltinModule.scala:100)
	at play.api.inject.RoutesProvider.get(BuiltinModule.scala:99)
	at com.google.inject.internal.ProviderInternalFactory.provision(ProviderInternalFactory.java:81)
	at com.google.inject.internal.BoundProviderFactory.provision(BoundProviderFactory.java:72)
	at com.google.inject.internal.ProviderInternalFactory.circularGet(ProviderInternalFactory.java:61)
	at com.google.inject.internal.BoundProviderFactory.get(BoundProviderFactory.java:62)
	at com.google.inject.internal.SingleParameterInjector.inject(SingleParameterInjector.java:38)
	at com.google.inject.internal.SingleParameterInjector.getAll(SingleParameterInjector.java:62)
	at com.google.inject.internal.ConstructorInjector.provision(ConstructorInjector.java:110)
	at com.google.inject.internal.ConstructorInjector.construct(ConstructorInjector.java:90)
	at com.google.inject.internal.ConstructorBindingImpl$Factory.get(ConstructorBindingImpl.java:268)
	at com.google.inject.internal.FactoryProxy.get(FactoryProxy.java:56)
	at com.google.inject.internal.SingleParameterInjector.inject(SingleParameterInjector.java:38)
	at com.google.inject.internal.SingleParameterInjector.getAll(SingleParameterInjector.java:62)
	at com.google.inject.internal.ConstructorInjector.provision(ConstructorInjector.java:110)
	at com.google.inject.internal.ConstructorInjector.construct(ConstructorInjector.java:90)
	at com.google.inject.internal.ConstructorBindingImpl$Factory.get(ConstructorBindingImpl.java:268)
	at com.google.inject.internal.ProviderToInternalFactoryAdapter$1.call(ProviderToInternalFactoryAdapter.java:46)
	at com.google.inject.internal.InjectorImpl.callInContext(InjectorImpl.java:1092)
	at com.google.inject.internal.ProviderToInternalFactoryAdapter.get(ProviderToInternalFactoryAdapter.java:40)
	at com.google.inject.internal.SingletonScope$1.get(SingletonScope.java:194)
	at com.google.inject.internal.InternalFactoryToProviderAdapter.get(InternalFactoryToProviderAdapter.java:41)
	at com.google.inject.internal.FactoryProxy.get(FactoryProxy.java:56)
	at com.google.inject.internal.InjectorImpl$2$1.call(InjectorImpl.java:1019)
	at com.google.inject.internal.InjectorImpl.callInContext(InjectorImpl.java:1085)
	at com.google.inject.internal.InjectorImpl$2.get(InjectorImpl.java:1015)
	at com.google.inject.internal.InjectorImpl.getInstance(InjectorImpl.java:1054)
	at play.api.inject.guice.GuiceInjector.instanceOf(GuiceInjectorBuilder.scala:409)
	at play.api.inject.guice.GuiceInjector.instanceOf(GuiceInjectorBuilder.scala:404)
	at play.api.inject.ContextClassLoaderInjector.$anonfun$instanceOf$2(Injector.scala:117)
	at play.api.inject.ContextClassLoaderInjector.withContext(Injector.scala:126)
	at play.api.inject.ContextClassLoaderInjector.instanceOf(Injector.scala:117)
	at play.api.inject.guice.GuiceApplicationBuilder.build(GuiceApplicationBuilder.scala:137)
	at play.api.inject.guice.GuiceApplicationLoader.load(GuiceApplicationLoader.scala:21)
	at play.core.server.DevServerStart$$anon$1.$anonfun$reload$3(DevServerStart.scala:174)
	at play.utils.Threads$.withContextClassLoader(Threads.scala:21)
	at play.core.server.DevServerStart$$anon$1.reload(DevServerStart.scala:171)
	at play.core.server.DevServerStart$$anon$1.get(DevServerStart.scala:124)
	at play.core.server.AkkaHttpServer.modelConversion(AkkaHttpServer.scala:183)
	at play.core.server.AkkaHttpServer.handleRequest(AkkaHttpServer.scala:189)
	at play.core.server.AkkaHttpServer.$anonfun$createServerBinding$1(AkkaHttpServer.scala:106)
	at akka.stream.impl.fusing.MapAsync$$anon$24.onPush(Ops.scala:1191)
	at akka.stream.impl.fusing.GraphInterpreter.processPush(GraphInterpreter.scala:512)
	at akka.stream.impl.fusing.GraphInterpreter.processEvent(GraphInterpreter.scala:475)
	at akka.stream.impl.fusing.GraphInterpreter.execute(GraphInterpreter.scala:371)
	at akka.stream.impl.fusing.GraphInterpreterShell.runBatch(ActorGraphInterpreter.scala:584)
	at akka.stream.impl.fusing.GraphInterpreterShell$AsyncInput.execute(ActorGraphInterpreter.scala:468)
	at akka.stream.impl.fusing.GraphInterpreterShell.processEvent(ActorGraphInterpreter.scala:559)
	at akka.stream.impl.fusing.ActorGraphInterpreter.akka$stream$impl$fusing$ActorGraphInterpreter$$processEvent(ActorGraphInterpreter.scala:741)
	at akka.stream.impl.fusing.ActorGraphInterpreter$$anonfun$receive$1.applyOrElse(ActorGraphInterpreter.scala:756)
	at akka.actor.Actor.aroundReceive(Actor.scala:517)
	at akka.actor.Actor.aroundReceive$(Actor.scala:515)
	at akka.stream.impl.fusing.ActorGraphInterpreter.aroundReceive(ActorGraphInterpreter.scala:666)
	at akka.actor.ActorCell.receiveMessage(ActorCell.scala:527)
	at akka.actor.ActorCell.invoke(ActorCell.scala:496)
	at akka.dispatch.Mailbox.processMailbox(Mailbox.scala:257)
	at akka.dispatch.Mailbox.run(Mailbox.scala:224)
	at akka.dispatch.Mailbox.exec(Mailbox.scala:234)
	at akka.dispatch.forkjoin.ForkJoinTask.doExec(ForkJoinTask.java:260)
	at akka.dispatch.forkjoin.ForkJoinPool$WorkQueue.runTask(ForkJoinPool.java:1339)
	at akka.dispatch.forkjoin.ForkJoinPool.runWorker(ForkJoinPool.java:1979)
	at akka.dispatch.forkjoin.ForkJoinWorkerThread.run(ForkJoinWorkerThread.java:107)
2018-03-27 13:38:30,175 [DEBUG] from org.apache.hadoop.util.Shell in play-dev-mode-akka.actor.default-dispatcher-3 - setsid exited with exit code 0
2018-03-27 13:38:30,212 [DEBUG] from org.apache.hadoop.metrics2.lib.MutableMetricsFactory in play-dev-mode-akka.actor.default-dispatcher-3 - field org.apache.hadoop.metrics2.lib.MutableRate org.apache.hadoop.security.UserGroupInformation$UgiMetrics.loginSuccess with annotation @org.apache.hadoop.metrics2.annotation.Metric(sampleName=Ops, always=false, about=, type=DEFAULT, valueName=Time, value=[Rate of successful kerberos logins and latency (milliseconds)])
2018-03-27 13:38:30,221 [DEBUG] from org.apache.hadoop.metrics2.lib.MutableMetricsFactory in play-dev-mode-akka.actor.default-dispatcher-3 - field org.apache.hadoop.metrics2.lib.MutableRate org.apache.hadoop.security.UserGroupInformation$UgiMetrics.loginFailure with annotation @org.apache.hadoop.metrics2.annotation.Metric(sampleName=Ops, always=false, about=, type=DEFAULT, valueName=Time, value=[Rate of failed kerberos logins and latency (milliseconds)])
2018-03-27 13:38:30,221 [DEBUG] from org.apache.hadoop.metrics2.lib.MutableMetricsFactory in play-dev-mode-akka.actor.default-dispatcher-3 - field org.apache.hadoop.metrics2.lib.MutableRate org.apache.hadoop.security.UserGroupInformation$UgiMetrics.getGroups with annotation @org.apache.hadoop.metrics2.annotation.Metric(sampleName=Ops, always=false, about=, type=DEFAULT, valueName=Time, value=[GetGroups])
2018-03-27 13:38:30,221 [DEBUG] from org.apache.hadoop.metrics2.lib.MutableMetricsFactory in play-dev-mode-akka.actor.default-dispatcher-3 - field private org.apache.hadoop.metrics2.lib.MutableGaugeLong org.apache.hadoop.security.UserGroupInformation$UgiMetrics.renewalFailuresTotal with annotation @org.apache.hadoop.metrics2.annotation.Metric(sampleName=Ops, always=false, about=, type=DEFAULT, valueName=Time, value=[Renewal failures since startup])
2018-03-27 13:38:30,221 [DEBUG] from org.apache.hadoop.metrics2.lib.MutableMetricsFactory in play-dev-mode-akka.actor.default-dispatcher-3 - field private org.apache.hadoop.metrics2.lib.MutableGaugeInt org.apache.hadoop.security.UserGroupInformation$UgiMetrics.renewalFailures with annotation @org.apache.hadoop.metrics2.annotation.Metric(sampleName=Ops, always=false, about=, type=DEFAULT, valueName=Time, value=[Renewal failures since last successful login])
2018-03-27 13:38:30,222 [DEBUG] from org.apache.hadoop.metrics2.impl.MetricsSystemImpl in play-dev-mode-akka.actor.default-dispatcher-3 - UgiMetrics, User and group related metrics
2018-03-27 13:38:30,236 [DEBUG] from org.apache.hadoop.security.SecurityUtil in play-dev-mode-akka.actor.default-dispatcher-3 - Setting hadoop.security.token.service.use_ip to true
2018-03-27 13:38:30,269 [DEBUG] from org.apache.hadoop.security.Groups in play-dev-mode-akka.actor.default-dispatcher-3 -  Creating new Groups object
2018-03-27 13:38:30,271 [DEBUG] from org.apache.hadoop.util.NativeCodeLoader in play-dev-mode-akka.actor.default-dispatcher-3 - Trying to load the custom-built native-hadoop library...
2018-03-27 13:38:30,271 [DEBUG] from org.apache.hadoop.util.NativeCodeLoader in play-dev-mode-akka.actor.default-dispatcher-3 - Failed to load native-hadoop with error: java.lang.UnsatisfiedLinkError: no hadoop in java.library.path
2018-03-27 13:38:30,271 [DEBUG] from org.apache.hadoop.util.NativeCodeLoader in play-dev-mode-akka.actor.default-dispatcher-3 - java.library.path=/usr/java/packages/lib/amd64:/usr/lib64:/lib64:/lib:/usr/lib
2018-03-27 13:38:30,271 [WARN] from org.apache.hadoop.util.NativeCodeLoader in play-dev-mode-akka.actor.default-dispatcher-3 - Unable to load native-hadoop library for your platform... using builtin-java classes where applicable
2018-03-27 13:38:30,272 [DEBUG] from org.apache.hadoop.util.PerformanceAdvisory in play-dev-mode-akka.actor.default-dispatcher-3 - Falling back to shell based
2018-03-27 13:38:30,272 [DEBUG] from org.apache.hadoop.security.JniBasedUnixGroupsMappingWithFallback in play-dev-mode-akka.actor.default-dispatcher-3 - Group mapping impl=org.apache.hadoop.security.ShellBasedUnixGroupsMapping
2018-03-27 13:38:30,329 [DEBUG] from org.apache.hadoop.security.Groups in play-dev-mode-akka.actor.default-dispatcher-3 - Group mapping impl=org.apache.hadoop.security.JniBasedUnixGroupsMappingWithFallback; cacheTimeout=300000; warningDeltaMs=5000
2018-03-27 13:38:30,429 [DEBUG] from org.apache.hadoop.security.UserGroupInformation in play-dev-mode-akka.actor.default-dispatcher-3 - hadoop login
2018-03-27 13:38:30,431 [DEBUG] from org.apache.hadoop.security.UserGroupInformation in play-dev-mode-akka.actor.default-dispatcher-3 - hadoop login commit
2018-03-27 13:38:30,432 [DEBUG] from org.apache.hadoop.security.UserGroupInformation in play-dev-mode-akka.actor.default-dispatcher-3 - using kerberos user:bduet@HDP_DEV.COX.COM
2018-03-27 13:38:30,432 [DEBUG] from org.apache.hadoop.security.UserGroupInformation in play-dev-mode-akka.actor.default-dispatcher-3 - Using user: "bduet@HDP_DEV.COX.COM" with name bduet@HDP_DEV.COX.COM
2018-03-27 13:38:30,432 [DEBUG] from org.apache.hadoop.security.UserGroupInformation in play-dev-mode-akka.actor.default-dispatcher-3 - User entry: "bduet@HDP_DEV.COX.COM"
2018-03-27 13:38:30,433 [INFO] from org.apache.hadoop.security.UserGroupInformation in play-dev-mode-akka.actor.default-dispatcher-3 - Login successful for user bduet@HDP_DEV.COX.COM using keytab file /home/apipoc/bduet.headless.keytab
2018-03-27 13:38:30,436 [DEBUG] from com.zaxxer.hikari.HikariConfig in play-dev-mode-akka.actor.default-dispatcher-3 - HikariPool-1 - configuration:
2018-03-27 13:38:30,439 [DEBUG] from com.zaxxer.hikari.HikariConfig in play-dev-mode-akka.actor.default-dispatcher-3 - allowPoolSuspension.............false
2018-03-27 13:38:30,439 [DEBUG] from com.zaxxer.hikari.HikariConfig in play-dev-mode-akka.actor.default-dispatcher-3 - autoCommit......................true
2018-03-27 13:38:30,439 [DEBUG] from com.zaxxer.hikari.HikariConfig in play-dev-mode-akka.actor.default-dispatcher-3 - catalog.........................none
2018-03-27 13:38:30,439 [DEBUG] from com.zaxxer.hikari.HikariConfig in play-dev-mode-akka.actor.default-dispatcher-3 - connectionInitSql...............none
2018-03-27 13:38:30,439 [DEBUG] from com.zaxxer.hikari.HikariConfig in play-dev-mode-akka.actor.default-dispatcher-3 - connectionTestQuery.............none
2018-03-27 13:38:30,439 [DEBUG] from com.zaxxer.hikari.HikariConfig in play-dev-mode-akka.actor.default-dispatcher-3 - connectionTimeout...............30000
2018-03-27 13:38:30,439 [DEBUG] from com.zaxxer.hikari.HikariConfig in play-dev-mode-akka.actor.default-dispatcher-3 - dataSource......................none
2018-03-27 13:38:30,439 [DEBUG] from com.zaxxer.hikari.HikariConfig in play-dev-mode-akka.actor.default-dispatcher-3 - dataSourceClassName.............none
2018-03-27 13:38:30,440 [DEBUG] from com.zaxxer.hikari.HikariConfig in play-dev-mode-akka.actor.default-dispatcher-3 - dataSourceJNDI..................none
2018-03-27 13:38:30,440 [DEBUG] from com.zaxxer.hikari.HikariConfig in play-dev-mode-akka.actor.default-dispatcher-3 - dataSourceProperties............{password=<masked>}
2018-03-27 13:38:30,440 [DEBUG] from com.zaxxer.hikari.HikariConfig in play-dev-mode-akka.actor.default-dispatcher-3 - driverClassName.................none
2018-03-27 13:38:30,440 [DEBUG] from com.zaxxer.hikari.HikariConfig in play-dev-mode-akka.actor.default-dispatcher-3 - healthCheckProperties...........{}
2018-03-27 13:38:30,440 [DEBUG] from com.zaxxer.hikari.HikariConfig in play-dev-mode-akka.actor.default-dispatcher-3 - healthCheckRegistry.............none
2018-03-27 13:38:30,440 [DEBUG] from com.zaxxer.hikari.HikariConfig in play-dev-mode-akka.actor.default-dispatcher-3 - idleTimeout.....................600000
2018-03-27 13:38:30,441 [DEBUG] from com.zaxxer.hikari.HikariConfig in play-dev-mode-akka.actor.default-dispatcher-3 - initializationFailFast..........true
2018-03-27 13:38:30,441 [DEBUG] from com.zaxxer.hikari.HikariConfig in play-dev-mode-akka.actor.default-dispatcher-3 - initializationFailTimeout.......1
2018-03-27 13:38:30,441 [DEBUG] from com.zaxxer.hikari.HikariConfig in play-dev-mode-akka.actor.default-dispatcher-3 - isolateInternalQueries..........false
2018-03-27 13:38:30,441 [DEBUG] from com.zaxxer.hikari.HikariConfig in play-dev-mode-akka.actor.default-dispatcher-3 - jdbc4ConnectionTest.............false
2018-03-27 13:38:30,441 [DEBUG] from com.zaxxer.hikari.HikariConfig in play-dev-mode-akka.actor.default-dispatcher-3 - jdbcUrl.........................jdbc:phoenix:dvtcbddd01.corp.cox.com,dvtcbddd02.corp.cox.com,dvtcbddd101.corp.cox.com:1521/hbase-secure
2018-03-27 13:38:30,441 [DEBUG] from com.zaxxer.hikari.HikariConfig in play-dev-mode-akka.actor.default-dispatcher-3 - leakDetectionThreshold..........0
2018-03-27 13:38:30,441 [DEBUG] from com.zaxxer.hikari.HikariConfig in play-dev-mode-akka.actor.default-dispatcher-3 - maxLifetime.....................1800000
2018-03-27 13:38:30,441 [DEBUG] from com.zaxxer.hikari.HikariConfig in play-dev-mode-akka.actor.default-dispatcher-3 - maximumPoolSize.................15
2018-03-27 13:38:30,441 [DEBUG] from com.zaxxer.hikari.HikariConfig in play-dev-mode-akka.actor.default-dispatcher-3 - metricRegistry..................none
2018-03-27 13:38:30,442 [DEBUG] from com.zaxxer.hikari.HikariConfig in play-dev-mode-akka.actor.default-dispatcher-3 - metricsTrackerFactory...........none
2018-03-27 13:38:30,442 [DEBUG] from com.zaxxer.hikari.HikariConfig in play-dev-mode-akka.actor.default-dispatcher-3 - minimumIdle.....................15
2018-03-27 13:38:30,442 [DEBUG] from com.zaxxer.hikari.HikariConfig in play-dev-mode-akka.actor.default-dispatcher-3 - password........................<masked>
2018-03-27 13:38:30,442 [DEBUG] from com.zaxxer.hikari.HikariConfig in play-dev-mode-akka.actor.default-dispatcher-3 - poolName........................"HikariPool-1"
2018-03-27 13:38:30,442 [DEBUG] from com.zaxxer.hikari.HikariConfig in play-dev-mode-akka.actor.default-dispatcher-3 - readOnly........................false
2018-03-27 13:38:30,442 [DEBUG] from com.zaxxer.hikari.HikariConfig in play-dev-mode-akka.actor.default-dispatcher-3 - registerMbeans..................false
2018-03-27 13:38:30,442 [DEBUG] from com.zaxxer.hikari.HikariConfig in play-dev-mode-akka.actor.default-dispatcher-3 - scheduledExecutor...............none
2018-03-27 13:38:30,442 [DEBUG] from com.zaxxer.hikari.HikariConfig in play-dev-mode-akka.actor.default-dispatcher-3 - scheduledExecutorService........internal
2018-03-27 13:38:30,442 [DEBUG] from com.zaxxer.hikari.HikariConfig in play-dev-mode-akka.actor.default-dispatcher-3 - schema..........................none
2018-03-27 13:38:30,442 [DEBUG] from com.zaxxer.hikari.HikariConfig in play-dev-mode-akka.actor.default-dispatcher-3 - threadFactory...................internal
2018-03-27 13:38:30,442 [DEBUG] from com.zaxxer.hikari.HikariConfig in play-dev-mode-akka.actor.default-dispatcher-3 - transactionIsolation............default
2018-03-27 13:38:30,442 [DEBUG] from com.zaxxer.hikari.HikariConfig in play-dev-mode-akka.actor.default-dispatcher-3 - username........................"test"
2018-03-27 13:38:30,443 [DEBUG] from com.zaxxer.hikari.HikariConfig in play-dev-mode-akka.actor.default-dispatcher-3 - validationTimeout...............5000
2018-03-27 13:38:30,444 [INFO] from com.zaxxer.hikari.HikariDataSource in play-dev-mode-akka.actor.default-dispatcher-3 - HikariPool-1 - Starting...
2018-03-27 13:38:30,540 [DEBUG] from org.apache.phoenix.jdbc.PhoenixEmbeddedDriver$ConnectionInfo in play-dev-mode-akka.actor.default-dispatcher-3 - Principal and keytab not provided, not attempting Kerberos login
2018-03-27 13:38:30,728 [INFO] from org.apache.hadoop.hbase.zookeeper.RecoverableZooKeeper in play-dev-mode-akka.actor.default-dispatcher-3 - Process identifier=hconnection-0x160d0ff8 connecting to ZooKeeper ensemble=dvtcbddd01.corp.cox.com:2181,dvtcbddd02.corp.cox.com:2181,dvtcbddd101.corp.cox.com:2181
2018-03-27 13:38:30,734 [INFO] from org.apache.zookeeper.ZooKeeper in play-dev-mode-akka.actor.default-dispatcher-3 - Client environment:zookeeper.version=3.4.6-129--1, built on 05/31/2017 03:01 GMT
2018-03-27 13:38:30,734 [INFO] from org.apache.zookeeper.ZooKeeper in play-dev-mode-akka.actor.default-dispatcher-3 - Client environment:host.name=catl0xlbd00136.corp.cox.com
2018-03-27 13:38:30,734 [INFO] from org.apache.zookeeper.ZooKeeper in play-dev-mode-akka.actor.default-dispatcher-3 - Client environment:java.version=1.8.0_161
2018-03-27 13:38:30,735 [INFO] from org.apache.zookeeper.ZooKeeper in play-dev-mode-akka.actor.default-dispatcher-3 - Client environment:java.vendor=Oracle Corporation
2018-03-27 13:38:30,735 [INFO] from org.apache.zookeeper.ZooKeeper in play-dev-mode-akka.actor.default-dispatcher-3 - Client environment:java.home=/usr/lib/jvm/java-1.8.0-openjdk-1.8.0.161-0.b14.el7_4.x86_64/jre
2018-03-27 13:38:30,735 [INFO] from org.apache.zookeeper.ZooKeeper in play-dev-mode-akka.actor.default-dispatcher-3 - Client environment:java.class.path=/usr/share/sbt/bin/sbt-launch.jar
2018-03-27 13:38:30,735 [INFO] from org.apache.zookeeper.ZooKeeper in play-dev-mode-akka.actor.default-dispatcher-3 - Client environment:java.library.path=/usr/java/packages/lib/amd64:/usr/lib64:/lib64:/lib:/usr/lib
2018-03-27 13:38:30,735 [INFO] from org.apache.zookeeper.ZooKeeper in play-dev-mode-akka.actor.default-dispatcher-3 - Client environment:java.io.tmpdir=/tmp
2018-03-27 13:38:30,735 [INFO] from org.apache.zookeeper.ZooKeeper in play-dev-mode-akka.actor.default-dispatcher-3 - Client environment:java.compiler=<NA>
2018-03-27 13:38:30,735 [INFO] from org.apache.zookeeper.ZooKeeper in play-dev-mode-akka.actor.default-dispatcher-3 - Client environment:os.name=Linux
2018-03-27 13:38:30,735 [INFO] from org.apache.zookeeper.ZooKeeper in play-dev-mode-akka.actor.default-dispatcher-3 - Client environment:os.arch=amd64
2018-03-27 13:38:30,735 [INFO] from org.apache.zookeeper.ZooKeeper in play-dev-mode-akka.actor.default-dispatcher-3 - Client environment:os.version=3.10.0-693.2.2.el7.x86_64
2018-03-27 13:38:30,735 [INFO] from org.apache.zookeeper.ZooKeeper in play-dev-mode-akka.actor.default-dispatcher-3 - Client environment:user.name=parmehta
2018-03-27 13:38:30,736 [INFO] from org.apache.zookeeper.ZooKeeper in play-dev-mode-akka.actor.default-dispatcher-3 - Client environment:user.home=/home/parmehta
2018-03-27 13:38:30,736 [INFO] from org.apache.zookeeper.ZooKeeper in play-dev-mode-akka.actor.default-dispatcher-3 - Client environment:user.dir=/home/parmehta/Play-Rest-API-Phoenix
2018-03-27 13:38:30,737 [INFO] from org.apache.zookeeper.ZooKeeper in play-dev-mode-akka.actor.default-dispatcher-3 - Initiating client connection, connectString=dvtcbddd01.corp.cox.com:2181,dvtcbddd02.corp.cox.com:2181,dvtcbddd101.corp.cox.com:2181 sessionTimeout=90000 watcher=org.apache.hadoop.hbase.zookeeper.PendingWatcher@ba70e5f
2018-03-27 13:38:30,747 [DEBUG] from org.apache.zookeeper.ClientCnxn in play-dev-mode-akka.actor.default-dispatcher-3 - zookeeper.disableAutoWatchReset is false
2018-03-27 13:38:30,775 [WARN] from org.apache.zookeeper.ClientCnxn in play-dev-mode-akka.actor.default-dispatcher-3-SendThread(dvtcbddd01.corp.cox.com:2181) - SASL configuration failed: javax.security.auth.login.LoginException: Zookeeper client cannot authenticate using the 'Client' section of the supplied JAAS configuration: '/home/parmehta/zookeeper_jaas.conf' because of a RuntimeException: java.lang.SecurityException: java.io.IOException: Configuration Error:
	Line 5: expected [option key] Will continue connection to Zookeeper server without SASL authentication, if Zookeeper server allows it.
2018-03-27 13:38:30,776 [INFO] from org.apache.zookeeper.ClientCnxn in play-dev-mode-akka.actor.default-dispatcher-3-SendThread(dvtcbddd01.corp.cox.com:2181) - Opening socket connection to server dvtcbddd01.corp.cox.com/10.220.3.132:2181
2018-03-27 13:38:30,777 [DEBUG] from org.apache.hadoop.hbase.zookeeper.ZooKeeperWatcher in play-dev-mode-akka.actor.default-dispatcher-3-EventThread - hconnection-0x160d0ff80x0, quorum=dvtcbddd01.corp.cox.com:2181,dvtcbddd02.corp.cox.com:2181,dvtcbddd101.corp.cox.com:2181, baseZNode=/hbase-secure Received ZooKeeper Event, type=None, state=AuthFailed, path=null
2018-03-27 13:38:30,826 [INFO] from org.apache.zookeeper.ClientCnxn in play-dev-mode-akka.actor.default-dispatcher-3-SendThread(dvtcbddd01.corp.cox.com:2181) - Socket connection established to dvtcbddd01.corp.cox.com/10.220.3.132:2181, initiating session
2018-03-27 13:38:30,827 [DEBUG] from org.apache.zookeeper.ClientCnxn in play-dev-mode-akka.actor.default-dispatcher-3-SendThread(dvtcbddd01.corp.cox.com:2181) - Session establishment request sent on dvtcbddd01.corp.cox.com/10.220.3.132:2181
2018-03-27 13:38:30,880 [INFO] from org.apache.zookeeper.ClientCnxn in play-dev-mode-akka.actor.default-dispatcher-3-SendThread(dvtcbddd01.corp.cox.com:2181) - Session establishment complete on server dvtcbddd01.corp.cox.com/10.220.3.132:2181, sessionid = 0x15f6eed24966ce2, negotiated timeout = 40000
2018-03-27 13:38:30,881 [DEBUG] from org.apache.hadoop.hbase.zookeeper.ZooKeeperWatcher in play-dev-mode-akka.actor.default-dispatcher-3-EventThread - hconnection-0x160d0ff80x0, quorum=dvtcbddd01.corp.cox.com:2181,dvtcbddd02.corp.cox.com:2181,dvtcbddd101.corp.cox.com:2181, baseZNode=/hbase-secure Received ZooKeeper Event, type=None, state=SyncConnected, path=null
2018-03-27 13:38:30,881 [DEBUG] from org.apache.hadoop.hbase.zookeeper.ZooKeeperWatcher in play-dev-mode-akka.actor.default-dispatcher-3-EventThread - hconnection-0x160d0ff8-0x15f6eed24966ce2 connected
2018-03-27 13:38:30,933 [DEBUG] from org.apache.zookeeper.ClientCnxn in play-dev-mode-akka.actor.default-dispatcher-3-SendThread(dvtcbddd01.corp.cox.com:2181) - Reading reply sessionid:0x15f6eed24966ce2, packet:: clientPath:null serverPath:null finished:false header:: 1,3  replyHeader:: 1,206175621447,0  request:: '/hbase-secure/hbaseid,F  response:: s{51539607573,206175119224,1461701639677,1521751897347,125,0,0,0,67,0,51539607573} 
2018-03-27 13:38:30,984 [DEBUG] from org.apache.zookeeper.ClientCnxn in play-dev-mode-akka.actor.default-dispatcher-3-SendThread(dvtcbddd01.corp.cox.com:2181) - Reading reply sessionid:0x15f6eed24966ce2, packet:: clientPath:null serverPath:null finished:false header:: 2,4  replyHeader:: 2,206175621447,0  request:: '/hbase-secure/hbaseid,F  response:: #ffffffff000146d61737465723a3136303030ffffff8d286c765effffffc6ffffffe7ffffff8150425546a2432313631366661382d636237642d343932352d383665642d303235613830353766393162,s{51539607573,206175119224,1461701639677,1521751897347,125,0,0,0,67,0,51539607573} 
2018-03-27 13:38:31,310 [DEBUG] from org.apache.hadoop.hdfs.BlockReaderLocal in play-dev-mode-akka.actor.default-dispatcher-3 - dfs.client.use.legacy.blockreader.local = false
2018-03-27 13:38:31,310 [DEBUG] from org.apache.hadoop.hdfs.BlockReaderLocal in play-dev-mode-akka.actor.default-dispatcher-3 - dfs.client.read.shortcircuit = true
2018-03-27 13:38:31,310 [DEBUG] from org.apache.hadoop.hdfs.BlockReaderLocal in play-dev-mode-akka.actor.default-dispatcher-3 - dfs.client.domain.socket.data.traffic = false
2018-03-27 13:38:31,310 [DEBUG] from org.apache.hadoop.hdfs.BlockReaderLocal in play-dev-mode-akka.actor.default-dispatcher-3 - dfs.domain.socket.path = /var/lib/hadoop-hdfs/dn_socket
2018-03-27 13:38:31,354 [DEBUG] from org.apache.hadoop.hdfs.HAUtil in play-dev-mode-akka.actor.default-dispatcher-3 - No HA service delegation token found for logical URI hdfs://HDPDEVNN/apps/hbase/data/lib
2018-03-27 13:38:31,354 [DEBUG] from org.apache.hadoop.hdfs.BlockReaderLocal in play-dev-mode-akka.actor.default-dispatcher-3 - dfs.client.use.legacy.blockreader.local = false
2018-03-27 13:38:31,354 [DEBUG] from org.apache.hadoop.hdfs.BlockReaderLocal in play-dev-mode-akka.actor.default-dispatcher-3 - dfs.client.read.shortcircuit = true
2018-03-27 13:38:31,354 [DEBUG] from org.apache.hadoop.hdfs.BlockReaderLocal in play-dev-mode-akka.actor.default-dispatcher-3 - dfs.client.domain.socket.data.traffic = false
2018-03-27 13:38:31,354 [DEBUG] from org.apache.hadoop.hdfs.BlockReaderLocal in play-dev-mode-akka.actor.default-dispatcher-3 - dfs.domain.socket.path = /var/lib/hadoop-hdfs/dn_socket
2018-03-27 13:38:31,363 [DEBUG] from org.apache.hadoop.io.retry.RetryUtils in play-dev-mode-akka.actor.default-dispatcher-3 - multipleLinearRandomRetry = null
2018-03-27 13:38:31,382 [DEBUG] from org.apache.hadoop.ipc.Server in play-dev-mode-akka.actor.default-dispatcher-3 - rpcKind=RPC_PROTOCOL_BUFFER, rpcRequestWrapperClass=class org.apache.hadoop.ipc.ProtobufRpcEngine$RpcRequestWrapper, rpcInvoker=org.apache.hadoop.ipc.ProtobufRpcEngine$Server$ProtoBufRpcInvoker@276bd117
2018-03-27 13:38:31,385 [DEBUG] from org.apache.hadoop.ipc.Client in play-dev-mode-akka.actor.default-dispatcher-3 - getting client out of cache: org.apache.hadoop.ipc.Client@5302bd62
2018-03-27 13:38:31,703 [WARN] from org.apache.hadoop.hdfs.shortcircuit.DomainSocketFactory in play-dev-mode-akka.actor.default-dispatcher-3 - The short-circuit local reads feature cannot be used because libhadoop cannot be loaded.
2018-03-27 13:38:31,709 [DEBUG] from org.apache.hadoop.hdfs.protocol.datatransfer.sasl.DataTransferSaslUtil in play-dev-mode-akka.actor.default-dispatcher-3 - DataTransferProtocol not using SaslPropertiesResolver, no QOP found in configuration for dfs.data.transfer.protection
2018-03-27 13:38:31,746 [DEBUG] from org.apache.hadoop.hbase.ipc.AbstractRpcClient in play-dev-mode-akka.actor.default-dispatcher-3 - Codec=org.apache.hadoop.hbase.codec.KeyValueCodec@319c3915, compressor=null, tcpKeepAlive=true, tcpNoDelay=true, connectTO=10000, readTO=20000, writeTO=60000, minIdleTimeBeforeClose=120000, maxRetries=0, fallbackAllowed=false, bind address=null
2018-03-27 13:38:31,758 [INFO] from org.apache.phoenix.metrics.Metrics in play-dev-mode-akka.actor.default-dispatcher-3 - Initializing metrics system: phoenix
2018-03-27 13:38:31,758 [DEBUG] from org.apache.hadoop.metrics2.impl.MetricsSystemImpl in play-dev-mode-akka.actor.default-dispatcher-3 - from system property: null
2018-03-27 13:38:31,759 [DEBUG] from org.apache.hadoop.metrics2.impl.MetricsSystemImpl in play-dev-mode-akka.actor.default-dispatcher-3 - from environment variable: null
2018-03-27 13:38:31,783 [DEBUG] from org.apache.commons.configuration.ConfigurationUtils in play-dev-mode-akka.actor.default-dispatcher-3 - ConfigurationUtils.locate(): base is null, name is hadoop-metrics2-phoenix.properties
2018-03-27 13:38:31,784 [DEBUG] from org.apache.commons.configuration.ConfigurationUtils in play-dev-mode-akka.actor.default-dispatcher-3 - ConfigurationUtils.locate(): base is null, name is hadoop-metrics2.properties
2018-03-27 13:38:31,785 [WARN] from org.apache.hadoop.metrics2.impl.MetricsConfig in play-dev-mode-akka.actor.default-dispatcher-3 - Cannot locate configuration: tried hadoop-metrics2-phoenix.properties,hadoop-metrics2.properties
2018-03-27 13:38:31,789 [DEBUG] from org.apache.hadoop.metrics2.impl.MetricsConfig in play-dev-mode-akka.actor.default-dispatcher-3 - poking parent 'PropertiesConfiguration' for key: period
2018-03-27 13:38:31,793 [DEBUG] from org.apache.hadoop.metrics2.lib.MutableMetricsFactory in play-dev-mode-akka.actor.default-dispatcher-3 - field org.apache.hadoop.metrics2.lib.MutableStat org.apache.hadoop.metrics2.impl.MetricsSystemImpl.snapshotStat with annotation @org.apache.hadoop.metrics2.annotation.Metric(sampleName=Ops, always=false, about=, type=DEFAULT, valueName=Time, value=[Snapshot, Snapshot stats])
2018-03-27 13:38:31,793 [DEBUG] from org.apache.hadoop.metrics2.lib.MutableMetricsFactory in play-dev-mode-akka.actor.default-dispatcher-3 - field org.apache.hadoop.metrics2.lib.MutableStat org.apache.hadoop.metrics2.impl.MetricsSystemImpl.publishStat with annotation @org.apache.hadoop.metrics2.annotation.Metric(sampleName=Ops, always=false, about=, type=DEFAULT, valueName=Time, value=[Publish, Publishing stats])
2018-03-27 13:38:31,793 [DEBUG] from org.apache.hadoop.metrics2.lib.MutableMetricsFactory in play-dev-mode-akka.actor.default-dispatcher-3 - field org.apache.hadoop.metrics2.lib.MutableCounterLong org.apache.hadoop.metrics2.impl.MetricsSystemImpl.droppedPubAll with annotation @org.apache.hadoop.metrics2.annotation.Metric(sampleName=Ops, always=false, about=, type=DEFAULT, valueName=Time, value=[Dropped updates by all sinks])
2018-03-27 13:38:31,796 [DEBUG] from org.apache.hadoop.metrics2.impl.MetricsConfig in play-dev-mode-akka.actor.default-dispatcher-3 - poking parent 'PropertiesConfiguration' for key: source.source.start_mbeans
2018-03-27 13:38:31,796 [DEBUG] from org.apache.hadoop.metrics2.impl.MetricsConfig in play-dev-mode-akka.actor.default-dispatcher-3 - poking parent 'MetricsConfig' for key: source.start_mbeans
2018-03-27 13:38:31,797 [DEBUG] from org.apache.hadoop.metrics2.impl.MetricsConfig in play-dev-mode-akka.actor.default-dispatcher-3 - poking parent 'PropertiesConfiguration' for key: *.source.start_mbeans
2018-03-27 13:38:31,802 [DEBUG] from org.apache.hadoop.metrics2.impl.MetricsSourceAdapter in play-dev-mode-akka.actor.default-dispatcher-3 - Updating attr cache...
2018-03-27 13:38:31,802 [DEBUG] from org.apache.hadoop.metrics2.impl.MetricsSourceAdapter in play-dev-mode-akka.actor.default-dispatcher-3 - Done. # tags & metrics=10
2018-03-27 13:38:31,802 [DEBUG] from org.apache.hadoop.metrics2.impl.MetricsSourceAdapter in play-dev-mode-akka.actor.default-dispatcher-3 - Updating info cache...
2018-03-27 13:38:31,803 [DEBUG] from org.apache.hadoop.metrics2.impl.MetricsSystemImpl in play-dev-mode-akka.actor.default-dispatcher-3 - [javax.management.MBeanAttributeInfo[description=Metrics context, name=tag.Context, type=java.lang.String, read-only, descriptor={}], javax.management.MBeanAttributeInfo[description=Number of active metrics sources, name=NumActiveSources, type=java.lang.Integer, read-only, descriptor={}], javax.management.MBeanAttributeInfo[description=Number of all registered metrics sources, name=NumAllSources, type=java.lang.Integer, read-only, descriptor={}], javax.management.MBeanAttributeInfo[description=Number of active metrics sinks, name=NumActiveSinks, type=java.lang.Integer, read-only, descriptor={}], javax.management.MBeanAttributeInfo[description=Number of all registered metrics sinks, name=NumAllSinks, type=java.lang.Integer, read-only, descriptor={}], javax.management.MBeanAttributeInfo[description=Number of ops for snapshot stats, name=SnapshotNumOps, type=java.lang.Long, read-only, descriptor={}], javax.management.MBeanAttributeInfo[description=Average time for snapshot stats, name=SnapshotAvgTime, type=java.lang.Double, read-only, descriptor={}], javax.management.MBeanAttributeInfo[description=Number of ops for publishing stats, name=PublishNumOps, type=java.lang.Long, read-only, descriptor={}], javax.management.MBeanAttributeInfo[description=Average time for publishing stats, name=PublishAvgTime, type=java.lang.Double, read-only, descriptor={}], javax.management.MBeanAttributeInfo[description=Dropped updates by all sinks, name=DroppedPubAll, type=java.lang.Long, read-only, descriptor={}]]
2018-03-27 13:38:31,803 [DEBUG] from org.apache.hadoop.metrics2.impl.MetricsSourceAdapter in play-dev-mode-akka.actor.default-dispatcher-3 - Done
2018-03-27 13:38:31,804 [DEBUG] from org.apache.hadoop.metrics2.util.MBeans in play-dev-mode-akka.actor.default-dispatcher-3 - Registered Hadoop:service=phoenix,name=MetricsSystem,sub=Stats
2018-03-27 13:38:31,804 [DEBUG] from org.apache.hadoop.metrics2.impl.MetricsSourceAdapter in play-dev-mode-akka.actor.default-dispatcher-3 - MBean for source MetricsSystem,sub=Stats registered.
2018-03-27 13:38:31,804 [INFO] from org.apache.hadoop.metrics2.impl.MetricsSystemImpl in play-dev-mode-akka.actor.default-dispatcher-3 - Scheduled snapshot period at 10 second(s).
2018-03-27 13:38:31,805 [INFO] from org.apache.hadoop.metrics2.impl.MetricsSystemImpl in play-dev-mode-akka.actor.default-dispatcher-3 - phoenix metrics system started
2018-03-27 13:38:31,805 [DEBUG] from org.apache.hadoop.metrics2.impl.MetricsConfig in play-dev-mode-akka.actor.default-dispatcher-3 - poking parent 'PropertiesConfiguration' for key: source.source.start_mbeans
2018-03-27 13:38:31,805 [DEBUG] from org.apache.hadoop.metrics2.impl.MetricsConfig in play-dev-mode-akka.actor.default-dispatcher-3 - poking parent 'MetricsConfig' for key: source.start_mbeans
2018-03-27 13:38:31,805 [DEBUG] from org.apache.hadoop.metrics2.impl.MetricsConfig in play-dev-mode-akka.actor.default-dispatcher-3 - poking parent 'PropertiesConfiguration' for key: *.source.start_mbeans
2018-03-27 13:38:31,805 [DEBUG] from org.apache.hadoop.metrics2.impl.MetricsSourceAdapter in play-dev-mode-akka.actor.default-dispatcher-3 - Updating attr cache...
2018-03-27 13:38:31,805 [DEBUG] from org.apache.hadoop.metrics2.impl.MetricsSourceAdapter in play-dev-mode-akka.actor.default-dispatcher-3 - Done. # tags & metrics=10
2018-03-27 13:38:31,805 [DEBUG] from org.apache.hadoop.metrics2.impl.MetricsSourceAdapter in play-dev-mode-akka.actor.default-dispatcher-3 - Updating info cache...
2018-03-27 13:38:31,806 [DEBUG] from org.apache.hadoop.metrics2.impl.MetricsSystemImpl in play-dev-mode-akka.actor.default-dispatcher-3 - [javax.management.MBeanAttributeInfo[description=Metrics context, name=tag.Context, type=java.lang.String, read-only, descriptor={}], javax.management.MBeanAttributeInfo[description=Local hostname, name=tag.Hostname, type=java.lang.String, read-only, descriptor={}], javax.management.MBeanAttributeInfo[description=Number of ops for rate of successful kerberos logins and latency (milliseconds), name=LoginSuccessNumOps, type=java.lang.Long, read-only, descriptor={}], javax.management.MBeanAttributeInfo[description=Average time for rate of successful kerberos logins and latency (milliseconds), name=LoginSuccessAvgTime, type=java.lang.Double, read-only, descriptor={}], javax.management.MBeanAttributeInfo[description=Number of ops for rate of failed kerberos logins and latency (milliseconds), name=LoginFailureNumOps, type=java.lang.Long, read-only, descriptor={}], javax.management.MBeanAttributeInfo[description=Average time for rate of failed kerberos logins and latency (milliseconds), name=LoginFailureAvgTime, type=java.lang.Double, read-only, descriptor={}], javax.management.MBeanAttributeInfo[description=Number of ops for getGroups, name=GetGroupsNumOps, type=java.lang.Long, read-only, descriptor={}], javax.management.MBeanAttributeInfo[description=Average time for getGroups, name=GetGroupsAvgTime, type=java.lang.Double, read-only, descriptor={}], javax.management.MBeanAttributeInfo[description=Renewal failures since startup, name=RenewalFailuresTotal, type=java.lang.Long, read-only, descriptor={}], javax.management.MBeanAttributeInfo[description=Renewal failures since last successful login, name=RenewalFailures, type=java.lang.Integer, read-only, descriptor={}]]
2018-03-27 13:38:31,806 [DEBUG] from org.apache.hadoop.metrics2.impl.MetricsSourceAdapter in play-dev-mode-akka.actor.default-dispatcher-3 - Done
2018-03-27 13:38:31,806 [DEBUG] from org.apache.hadoop.metrics2.util.MBeans in play-dev-mode-akka.actor.default-dispatcher-3 - Registered Hadoop:service=phoenix,name=UgiMetrics
2018-03-27 13:38:31,806 [DEBUG] from org.apache.hadoop.metrics2.impl.MetricsSourceAdapter in play-dev-mode-akka.actor.default-dispatcher-3 - MBean for source UgiMetrics registered.
2018-03-27 13:38:31,806 [DEBUG] from org.apache.hadoop.metrics2.impl.MetricsSystemImpl in play-dev-mode-akka.actor.default-dispatcher-3 - Registered source UgiMetrics
2018-03-27 13:38:31,807 [DEBUG] from org.apache.hadoop.metrics2.util.MBeans in play-dev-mode-akka.actor.default-dispatcher-3 - Registered Hadoop:service=phoenix,name=MetricsSystem,sub=Control
2018-03-27 13:38:31,807 [DEBUG] from org.apache.hadoop.metrics2.impl.MetricsSystemImpl in play-dev-mode-akka.actor.default-dispatcher-3 - tracing, Phoenix call tracing
2018-03-27 13:38:31,807 [DEBUG] from org.apache.hadoop.metrics2.impl.MetricsConfig in play-dev-mode-akka.actor.default-dispatcher-3 - poking parent 'PropertiesConfiguration' for key: source.source.start_mbeans
2018-03-27 13:38:31,807 [DEBUG] from org.apache.hadoop.metrics2.impl.MetricsConfig in play-dev-mode-akka.actor.default-dispatcher-3 - poking parent 'MetricsConfig' for key: source.start_mbeans
2018-03-27 13:38:31,807 [DEBUG] from org.apache.hadoop.metrics2.impl.MetricsConfig in play-dev-mode-akka.actor.default-dispatcher-3 - poking parent 'PropertiesConfiguration' for key: *.source.start_mbeans
2018-03-27 13:38:31,808 [DEBUG] from org.apache.hadoop.metrics2.impl.MetricsSourceAdapter in play-dev-mode-akka.actor.default-dispatcher-3 - Updating attr cache...
2018-03-27 13:38:31,808 [DEBUG] from org.apache.hadoop.metrics2.impl.MetricsSourceAdapter in play-dev-mode-akka.actor.default-dispatcher-3 - Done. # tags & metrics=2
2018-03-27 13:38:31,808 [DEBUG] from org.apache.hadoop.metrics2.impl.MetricsSourceAdapter in play-dev-mode-akka.actor.default-dispatcher-3 - Updating info cache...
2018-03-27 13:38:31,808 [DEBUG] from org.apache.hadoop.metrics2.impl.MetricsSystemImpl in play-dev-mode-akka.actor.default-dispatcher-3 - [javax.management.MBeanAttributeInfo[description=num spans, name=tag.stat, type=java.lang.String, read-only, descriptor={}], javax.management.MBeanAttributeInfo[description=Local hostname, name=tag.Hostname, type=java.lang.String, read-only, descriptor={}]]
2018-03-27 13:38:31,808 [DEBUG] from org.apache.hadoop.metrics2.impl.MetricsSourceAdapter in play-dev-mode-akka.actor.default-dispatcher-3 - Done
2018-03-27 13:38:31,808 [DEBUG] from org.apache.hadoop.metrics2.util.MBeans in play-dev-mode-akka.actor.default-dispatcher-3 - Registered Hadoop:service=phoenix,name=tracing
2018-03-27 13:38:31,808 [DEBUG] from org.apache.hadoop.metrics2.impl.MetricsSourceAdapter in play-dev-mode-akka.actor.default-dispatcher-3 - MBean for source tracing registered.
2018-03-27 13:38:31,808 [DEBUG] from org.apache.hadoop.metrics2.impl.MetricsSystemImpl in play-dev-mode-akka.actor.default-dispatcher-3 - Registered source tracing
2018-03-27 13:38:32,067 [DEBUG] from org.apache.zookeeper.ClientCnxn in play-dev-mode-akka.actor.default-dispatcher-3-SendThread(dvtcbddd01.corp.cox.com:2181) - Reading reply sessionid:0x15f6eed24966ce2, packet:: clientPath:null serverPath:null finished:false header:: 3,4  replyHeader:: 3,206175621448,0  request:: '/hbase-secure/meta-region-server,F  response:: #ffffffff0001a726567696f6e7365727665723a3136303230ffffffe0ffffff812221ffffffaa3c201e50425546a24a1864767463626464643130342e636f72702e636f782e636f6d10ffffff947d18ffffffa9ffffff89ffffffedfffffffbffffffa42c100183,s{206175119321,206175119321,1521751930379,1521751930379,0,0,0,0,77,0,206175119321} 
2018-03-27 13:38:32,129 [DEBUG] from org.apache.zookeeper.ClientCnxn in play-dev-mode-akka.actor.default-dispatcher-3-SendThread(dvtcbddd01.corp.cox.com:2181) - Reading reply sessionid:0x15f6eed24966ce2, packet:: clientPath:null serverPath:null finished:false header:: 4,8  replyHeader:: 4,206175621448,0  request:: '/hbase-secure,F  response:: v{'replication,'meta-region-server,'rs,'splitWAL,'backup-masters,'table-lock,'flush-table-proc,'master-maintenance,'region-in-transition,'online-snapshot,'acl,'switch,'master,'running,'balancer,'recovering-regions,'tokenauth,'draining,'namespace,'rolllog-proc,'hbaseid,'table} 
2018-03-27 13:38:32,296 [DEBUG] from org.apache.hadoop.hbase.security.token.AuthenticationTokenSelector in hconnection-0x160d0ff8-shared--pool1-t1 - No matching token found
2018-03-27 13:38:32,298 [DEBUG] from org.apache.hadoop.hbase.ipc.AbstractRpcClient in hconnection-0x160d0ff8-shared--pool1-t1 - RPC Server Kerberos principal name for service=ClientService is hbase/dvtcbddd104.corp.cox.com@HDP_DEV.COX.COM
2018-03-27 13:38:32,298 [DEBUG] from org.apache.hadoop.hbase.ipc.AbstractRpcClient in hconnection-0x160d0ff8-shared--pool1-t1 - Use KERBEROS authentication for service ClientService, sasl=true
2018-03-27 13:38:32,311 [DEBUG] from org.apache.hadoop.hbase.ipc.AbstractRpcClient in hconnection-0x160d0ff8-shared--pool1-t1 - Connecting to dvtcbddd104.corp.cox.com/10.220.3.137:16020
2018-03-27 13:38:32,362 [DEBUG] from org.apache.hadoop.security.UserGroupInformation in hconnection-0x160d0ff8-shared--pool1-t1 - PrivilegedAction as:bduet@HDP_DEV.COX.COM (auth:KERBEROS) from:org.apache.hadoop.hbase.ipc.RpcClientImpl$Connection.setupIOstreams(RpcClientImpl.java:734)
2018-03-27 13:38:32,370 [DEBUG] from org.apache.hadoop.hbase.security.HBaseSaslRpcClient in hconnection-0x160d0ff8-shared--pool1-t1 - Creating SASL GSSAPI client. Server's Kerberos principal name is hbase/dvtcbddd104.corp.cox.com@HDP_DEV.COX.COM
2018-03-27 13:38:32,443 [DEBUG] from org.apache.hadoop.hbase.security.HBaseSaslRpcClient in hconnection-0x160d0ff8-shared--pool1-t1 - Have sent token of size 623 from initSASLContext.
2018-03-27 13:38:32,491 [DEBUG] from org.apache.hadoop.hbase.security.HBaseSaslRpcClient in hconnection-0x160d0ff8-shared--pool1-t1 - Will read input token of size 108 for processing by initSASLContext
2018-03-27 13:38:32,494 [DEBUG] from org.apache.hadoop.hbase.security.HBaseSaslRpcClient in hconnection-0x160d0ff8-shared--pool1-t1 - Will send token of size 0 from initSASLContext.
2018-03-27 13:38:32,542 [DEBUG] from org.apache.hadoop.hbase.security.HBaseSaslRpcClient in hconnection-0x160d0ff8-shared--pool1-t1 - Will read input token of size 32 for processing by initSASLContext
2018-03-27 13:38:32,545 [DEBUG] from org.apache.hadoop.hbase.security.HBaseSaslRpcClient in hconnection-0x160d0ff8-shared--pool1-t1 - Will send token of size 32 from initSASLContext.
2018-03-27 13:38:32,545 [DEBUG] from org.apache.hadoop.hbase.security.HBaseSaslRpcClient in hconnection-0x160d0ff8-shared--pool1-t1 - SASL client context established. Negotiated QoP: auth
2018-03-27 13:38:33,260 [DEBUG] from org.apache.phoenix.query.ConnectionQueryServicesImpl in play-dev-mode-akka.actor.default-dispatcher-3 - Found quorum: dvtcbddd01.corp.cox.com:2181,dvtcbddd02.corp.cox.com:2181,dvtcbddd101.corp.cox.com:2181:/hbase-secure
2018-03-27 13:38:33,547 [DEBUG] from org.apache.zookeeper.ClientCnxn in play-dev-mode-akka.actor.default-dispatcher-3-SendThread(dvtcbddd01.corp.cox.com:2181) - Reading reply sessionid:0x15f6eed24966ce2, packet:: clientPath:null serverPath:null finished:false header:: 5,3  replyHeader:: 5,206175621449,0  request:: '/hbase-secure,F  response:: s{51539607555,51539607555,1461701638100,1461701638100,0,564,0,0,0,22,206175119321} 
2018-03-27 13:38:33,599 [DEBUG] from org.apache.zookeeper.ClientCnxn in play-dev-mode-akka.actor.default-dispatcher-3-SendThread(dvtcbddd01.corp.cox.com:2181) - Reading reply sessionid:0x15f6eed24966ce2, packet:: clientPath:null serverPath:null finished:false header:: 6,4  replyHeader:: 6,206175621449,0  request:: '/hbase-secure/master,F  response:: #ffffffff000146d61737465723a313630303062ffffff80ffffff9b666fffffffbffffffff7fffffffd50425546a23a17647674636264646430312e636f72702e636f782e636f6d10ffffff807d18ffffffb3ffffffeeffffffebfffffffbffffffa42c10018ffffff8a7d,s{206175119205,206175119205,1521751889857,1521751889857,0,0,0,98919681625581952,71,0,206175119205} 
2018-03-27 13:38:33,614 [DEBUG] from org.apache.hadoop.hbase.security.token.AuthenticationTokenSelector in play-dev-mode-akka.actor.default-dispatcher-3 - No matching token found
2018-03-27 13:38:33,616 [DEBUG] from org.apache.hadoop.hbase.ipc.AbstractRpcClient in play-dev-mode-akka.actor.default-dispatcher-3 - RPC Server Kerberos principal name for service=MasterService is hbase/dvtcbddd01.corp.cox.com@HDP_DEV.COX.COM
2018-03-27 13:38:33,616 [DEBUG] from org.apache.hadoop.hbase.ipc.AbstractRpcClient in play-dev-mode-akka.actor.default-dispatcher-3 - Use KERBEROS authentication for service MasterService, sasl=true
2018-03-27 13:38:33,617 [DEBUG] from org.apache.hadoop.hbase.ipc.AbstractRpcClient in play-dev-mode-akka.actor.default-dispatcher-3 - Connecting to dvtcbddd01.corp.cox.com/10.220.3.132:16000
2018-03-27 13:38:33,665 [DEBUG] from org.apache.hadoop.security.UserGroupInformation in play-dev-mode-akka.actor.default-dispatcher-3 - PrivilegedAction as:bduet@HDP_DEV.COX.COM (auth:KERBEROS) from:org.apache.hadoop.hbase.ipc.RpcClientImpl$Connection.setupIOstreams(RpcClientImpl.java:734)
2018-03-27 13:38:33,665 [DEBUG] from org.apache.hadoop.hbase.security.HBaseSaslRpcClient in play-dev-mode-akka.actor.default-dispatcher-3 - Creating SASL GSSAPI client. Server's Kerberos principal name is hbase/dvtcbddd01.corp.cox.com@HDP_DEV.COX.COM
2018-03-27 13:38:33,719 [DEBUG] from org.apache.hadoop.hbase.security.HBaseSaslRpcClient in play-dev-mode-akka.actor.default-dispatcher-3 - Have sent token of size 622 from initSASLContext.
2018-03-27 13:38:33,767 [DEBUG] from org.apache.hadoop.hbase.security.HBaseSaslRpcClient in play-dev-mode-akka.actor.default-dispatcher-3 - Will read input token of size 108 for processing by initSASLContext
2018-03-27 13:38:33,768 [DEBUG] from org.apache.hadoop.hbase.security.HBaseSaslRpcClient in play-dev-mode-akka.actor.default-dispatcher-3 - Will send token of size 0 from initSASLContext.
2018-03-27 13:38:33,816 [DEBUG] from org.apache.hadoop.hbase.security.HBaseSaslRpcClient in play-dev-mode-akka.actor.default-dispatcher-3 - Will read input token of size 32 for processing by initSASLContext
2018-03-27 13:38:33,817 [DEBUG] from org.apache.hadoop.hbase.security.HBaseSaslRpcClient in play-dev-mode-akka.actor.default-dispatcher-3 - Will send token of size 32 from initSASLContext.
2018-03-27 13:38:33,817 [DEBUG] from org.apache.hadoop.hbase.security.HBaseSaslRpcClient in play-dev-mode-akka.actor.default-dispatcher-3 - SASL client context established. Negotiated QoP: auth
2018-03-27 13:38:34,070 [DEBUG] from org.apache.hadoop.hbase.security.token.AuthenticationTokenSelector in hconnection-0x160d0ff8-shared--pool1-t5 - No matching token found
2018-03-27 13:38:34,071 [DEBUG] from org.apache.hadoop.hbase.ipc.AbstractRpcClient in hconnection-0x160d0ff8-shared--pool1-t5 - RPC Server Kerberos principal name for service=ClientService is hbase/dvtcbddd105.corp.cox.com@HDP_DEV.COX.COM
2018-03-27 13:38:34,072 [DEBUG] from org.apache.hadoop.hbase.ipc.AbstractRpcClient in hconnection-0x160d0ff8-shared--pool1-t5 - Use KERBEROS authentication for service ClientService, sasl=true
2018-03-27 13:38:34,072 [DEBUG] from org.apache.hadoop.hbase.ipc.AbstractRpcClient in hconnection-0x160d0ff8-shared--pool1-t5 - Connecting to dvtcbddd105.corp.cox.com/10.220.3.138:16020
2018-03-27 13:38:34,120 [DEBUG] from org.apache.hadoop.security.UserGroupInformation in hconnection-0x160d0ff8-shared--pool1-t5 - PrivilegedAction as:bduet@HDP_DEV.COX.COM (auth:KERBEROS) from:org.apache.hadoop.hbase.ipc.RpcClientImpl$Connection.setupIOstreams(RpcClientImpl.java:734)
2018-03-27 13:38:34,120 [DEBUG] from org.apache.hadoop.hbase.security.HBaseSaslRpcClient in hconnection-0x160d0ff8-shared--pool1-t5 - Creating SASL GSSAPI client. Server's Kerberos principal name is hbase/dvtcbddd105.corp.cox.com@HDP_DEV.COX.COM
2018-03-27 13:38:34,174 [DEBUG] from org.apache.hadoop.hbase.security.HBaseSaslRpcClient in hconnection-0x160d0ff8-shared--pool1-t5 - Have sent token of size 623 from initSASLContext.
2018-03-27 13:38:34,222 [DEBUG] from org.apache.hadoop.hbase.security.HBaseSaslRpcClient in hconnection-0x160d0ff8-shared--pool1-t5 - Will read input token of size 108 for processing by initSASLContext
2018-03-27 13:38:34,223 [DEBUG] from org.apache.hadoop.hbase.security.HBaseSaslRpcClient in hconnection-0x160d0ff8-shared--pool1-t5 - Will send token of size 0 from initSASLContext.
2018-03-27 13:38:34,271 [DEBUG] from org.apache.hadoop.hbase.security.HBaseSaslRpcClient in hconnection-0x160d0ff8-shared--pool1-t5 - Will read input token of size 32 for processing by initSASLContext
2018-03-27 13:38:34,272 [DEBUG] from org.apache.hadoop.hbase.security.HBaseSaslRpcClient in hconnection-0x160d0ff8-shared--pool1-t5 - Will send token of size 32 from initSASLContext.
2018-03-27 13:38:34,272 [DEBUG] from org.apache.hadoop.hbase.security.HBaseSaslRpcClient in hconnection-0x160d0ff8-shared--pool1-t5 - SASL client context established. Negotiated QoP: auth
2018-03-27 13:38:34,516 [DEBUG] from org.apache.phoenix.query.ConnectionQueryServicesImpl in play-dev-mode-akka.actor.default-dispatcher-3 - Found quorum: dvtcbddd01.corp.cox.com:2181,dvtcbddd02.corp.cox.com:2181,dvtcbddd101.corp.cox.com:2181:/hbase-secure
2018-03-27 13:38:34,966 [DEBUG] from org.apache.phoenix.query.ConnectionQueryServicesImpl in play-dev-mode-akka.actor.default-dispatcher-3 - Found quorum: dvtcbddd01.corp.cox.com:2181,dvtcbddd02.corp.cox.com:2181,dvtcbddd101.corp.cox.com:2181:/hbase-secure
2018-03-27 13:38:35,366 [DEBUG] from org.apache.phoenix.query.ConnectionQueryServicesImpl in play-dev-mode-akka.actor.default-dispatcher-3 - Found quorum: dvtcbddd01.corp.cox.com:2181,dvtcbddd02.corp.cox.com:2181,dvtcbddd101.corp.cox.com:2181:/hbase-secure
2018-03-27 13:38:35,714 [DEBUG] from com.zaxxer.hikari.pool.HikariPool in play-dev-mode-akka.actor.default-dispatcher-3 - HikariPool-1 - Added connection org.apache.phoenix.jdbc.PhoenixConnection@40b3123a
2018-03-27 13:38:35,718 [INFO] from com.zaxxer.hikari.HikariDataSource in play-dev-mode-akka.actor.default-dispatcher-3 - HikariPool-1 - Start completed.
2018-03-27 13:38:35,788 [DEBUG] from controllers.AssetsConfiguration in play-dev-mode-akka.actor.default-dispatcher-3 - Using the following cache configuration for assets:
	 enableCaching = false
	 enableCacheControl = false
	 defaultCacheControl = public, max-age=3600
	 aggressiveCacheControl = public, max-age=31536000, immutable
	 configuredCacheControl:


2018-03-27 13:38:35,810 [INFO] from play.api.http.EnabledFilters in play-dev-mode-akka.actor.default-dispatcher-3 - Enabled Filters (see <https://www.playframework.com/documentation/latest/Filters>):

    play.filters.csrf.CSRFFilter
    play.filters.headers.SecurityHeadersFilter
    play.filters.hosts.AllowedHostsFilter

2018-03-27 13:38:35,816 [INFO] from play.api.Play in play-dev-mode-akka.actor.default-dispatcher-3 - Application started (Dev)
2018-03-27 13:38:35,818 [DEBUG] from com.zaxxer.hikari.pool.HikariPool in HikariPool-1 housekeeper - HikariPool-1 - Pool stats (total=1, active=0, idle=1, waiting=0)
2018-03-27 13:38:35,819 [DEBUG] from org.apache.phoenix.jdbc.PhoenixEmbeddedDriver$ConnectionInfo in HikariPool-1 connection adder - Principal and keytab not provided, not attempting Kerberos login
2018-03-27 13:38:35,820 [DEBUG] from com.zaxxer.hikari.pool.HikariPool in HikariPool-1 connection adder - HikariPool-1 - Added connection org.apache.phoenix.jdbc.PhoenixConnection@18481d18
2018-03-27 13:38:35,833 [DEBUG] from org.apache.phoenix.jdbc.PhoenixEmbeddedDriver$ConnectionInfo in HikariPool-1 connection adder - Principal and keytab not provided, not attempting Kerberos login
2018-03-27 13:38:35,834 [DEBUG] from com.zaxxer.hikari.pool.HikariPool in HikariPool-1 connection adder - HikariPool-1 - Added connection org.apache.phoenix.jdbc.PhoenixConnection@168fe061
2018-03-27 13:38:35,834 [DEBUG] from org.apache.phoenix.jdbc.PhoenixEmbeddedDriver$ConnectionInfo in HikariPool-1 connection adder - Principal and keytab not provided, not attempting Kerberos login
2018-03-27 13:38:35,835 [DEBUG] from com.zaxxer.hikari.pool.HikariPool in HikariPool-1 connection adder - HikariPool-1 - Added connection org.apache.phoenix.jdbc.PhoenixConnection@12b07668
2018-03-27 13:38:35,835 [DEBUG] from org.apache.phoenix.jdbc.PhoenixEmbeddedDriver$ConnectionInfo in HikariPool-1 connection adder - Principal and keytab not provided, not attempting Kerberos login
2018-03-27 13:38:35,835 [DEBUG] from com.zaxxer.hikari.pool.HikariPool in HikariPool-1 connection adder - HikariPool-1 - Added connection org.apache.phoenix.jdbc.PhoenixConnection@57b2ea5a
2018-03-27 13:38:35,836 [DEBUG] from org.apache.phoenix.jdbc.PhoenixEmbeddedDriver$ConnectionInfo in HikariPool-1 connection adder - Principal and keytab not provided, not attempting Kerberos login
2018-03-27 13:38:35,836 [DEBUG] from com.zaxxer.hikari.pool.HikariPool in HikariPool-1 connection adder - HikariPool-1 - Added connection org.apache.phoenix.jdbc.PhoenixConnection@f4a8d69
2018-03-27 13:38:35,836 [DEBUG] from org.apache.phoenix.jdbc.PhoenixEmbeddedDriver$ConnectionInfo in HikariPool-1 connection adder - Principal and keytab not provided, not attempting Kerberos login
2018-03-27 13:38:35,837 [DEBUG] from com.zaxxer.hikari.pool.HikariPool in HikariPool-1 connection adder - HikariPool-1 - Added connection org.apache.phoenix.jdbc.PhoenixConnection@662ff809
2018-03-27 13:38:35,837 [DEBUG] from org.apache.phoenix.jdbc.PhoenixEmbeddedDriver$ConnectionInfo in HikariPool-1 connection adder - Principal and keytab not provided, not attempting Kerberos login
2018-03-27 13:38:35,838 [DEBUG] from com.zaxxer.hikari.pool.HikariPool in HikariPool-1 connection adder - HikariPool-1 - Added connection org.apache.phoenix.jdbc.PhoenixConnection@773dc192
2018-03-27 13:38:35,838 [DEBUG] from org.apache.phoenix.jdbc.PhoenixEmbeddedDriver$ConnectionInfo in HikariPool-1 connection adder - Principal and keytab not provided, not attempting Kerberos login
2018-03-27 13:38:35,839 [DEBUG] from com.zaxxer.hikari.pool.HikariPool in HikariPool-1 connection adder - HikariPool-1 - Added connection org.apache.phoenix.jdbc.PhoenixConnection@379d1515
2018-03-27 13:38:35,839 [DEBUG] from org.apache.phoenix.jdbc.PhoenixEmbeddedDriver$ConnectionInfo in HikariPool-1 connection adder - Principal and keytab not provided, not attempting Kerberos login
2018-03-27 13:38:35,839 [DEBUG] from com.zaxxer.hikari.pool.HikariPool in HikariPool-1 connection adder - HikariPool-1 - Added connection org.apache.phoenix.jdbc.PhoenixConnection@6c67f74a
2018-03-27 13:38:35,840 [DEBUG] from org.apache.phoenix.jdbc.PhoenixEmbeddedDriver$ConnectionInfo in HikariPool-1 connection adder - Principal and keytab not provided, not attempting Kerberos login
2018-03-27 13:38:35,840 [DEBUG] from com.zaxxer.hikari.pool.HikariPool in HikariPool-1 connection adder - HikariPool-1 - Added connection org.apache.phoenix.jdbc.PhoenixConnection@7591b57f
2018-03-27 13:38:35,840 [DEBUG] from org.apache.phoenix.jdbc.PhoenixEmbeddedDriver$ConnectionInfo in HikariPool-1 connection adder - Principal and keytab not provided, not attempting Kerberos login
2018-03-27 13:38:35,841 [DEBUG] from com.zaxxer.hikari.pool.HikariPool in HikariPool-1 connection adder - HikariPool-1 - Added connection org.apache.phoenix.jdbc.PhoenixConnection@6c39cb0e
2018-03-27 13:38:35,841 [DEBUG] from org.apache.phoenix.jdbc.PhoenixEmbeddedDriver$ConnectionInfo in HikariPool-1 connection adder - Principal and keytab not provided, not attempting Kerberos login
2018-03-27 13:38:35,842 [DEBUG] from com.zaxxer.hikari.pool.HikariPool in HikariPool-1 connection adder - HikariPool-1 - Added connection org.apache.phoenix.jdbc.PhoenixConnection@33d34e21
2018-03-27 13:38:35,842 [DEBUG] from org.apache.phoenix.jdbc.PhoenixEmbeddedDriver$ConnectionInfo in HikariPool-1 connection adder - Principal and keytab not provided, not attempting Kerberos login
2018-03-27 13:38:35,842 [DEBUG] from com.zaxxer.hikari.pool.HikariPool in HikariPool-1 connection adder - HikariPool-1 - Added connection org.apache.phoenix.jdbc.PhoenixConnection@60dd22b6
2018-03-27 13:38:35,842 [DEBUG] from org.apache.phoenix.jdbc.PhoenixEmbeddedDriver$ConnectionInfo in HikariPool-1 connection adder - Principal and keytab not provided, not attempting Kerberos login
2018-03-27 13:38:35,843 [DEBUG] from com.zaxxer.hikari.pool.HikariPool in HikariPool-1 connection adder - HikariPool-1 - Added connection org.apache.phoenix.jdbc.PhoenixConnection@189f599f
2018-03-27 13:38:35,843 [DEBUG] from com.zaxxer.hikari.pool.HikariPool in HikariPool-1 connection adder - HikariPool-1 - After adding stats (total=15, active=0, idle=15, waiting=0)
2018-03-27 13:38:46,946 [DEBUG] from org.apache.zookeeper.ClientCnxn in play-dev-mode-akka.actor.default-dispatcher-3-SendThread(dvtcbddd01.corp.cox.com:2181) - Got ping response for sessionid: 0x15f6eed24966ce2 after 47ms
2018-03-27 13:39:00,293 [DEBUG] from org.apache.zookeeper.ClientCnxn in play-dev-mode-akka.actor.default-dispatcher-3-SendThread(dvtcbddd01.corp.cox.com:2181) - Got ping response for sessionid: 0x15f6eed24966ce2 after 47ms
2018-03-27 13:39:05,819 [DEBUG] from com.zaxxer.hikari.pool.HikariPool in HikariPool-1 housekeeper - HikariPool-1 - Pool stats (total=15, active=0, idle=15, waiting=0)
2018-03-27 13:39:13,632 [DEBUG] from org.apache.zookeeper.ClientCnxn in play-dev-mode-akka.actor.default-dispatcher-3-SendThread(dvtcbddd01.corp.cox.com:2181) - Got ping response for sessionid: 0x15f6eed24966ce2 after 47ms
2018-03-27 13:39:26,978 [DEBUG] from org.apache.zookeeper.ClientCnxn in play-dev-mode-akka.actor.default-dispatcher-3-SendThread(dvtcbddd01.corp.cox.com:2181) - Got ping response for sessionid: 0x15f6eed24966ce2 after 47ms
2018-03-27 13:39:35,820 [DEBUG] from com.zaxxer.hikari.pool.HikariPool in HikariPool-1 housekeeper - HikariPool-1 - Pool stats (total=15, active=0, idle=15, waiting=0)
2018-03-27 13:39:36,143 [DEBUG] from org.apache.hadoop.security.UserGroupInformation in application-database.dispatcher-7 - PrivilegedAction as:bduet@HDP_DEV.COX.COM (auth:KERBEROS) from:models.CustomerRepository.$anonfun$saveCustomer$1(CustomerRepository.scala:96)
2018-03-27 13:39:36,214 [DEBUG] from org.apache.phoenix.compile.FromCompiler in application-database.dispatcher-7 - Re-resolved stale table UET.CI_ACCNT_NODE with seqNum 1 at timestamp 1509355934121 with 5 columns: [SITE_ID, ACCOUNT_NBR, 0.NODE_NAME, 0.HOST_NAME, 0.HEADEND]
2018-03-27 13:39:36,899 [DEBUG] from org.apache.phoenix.execute.MutationState in application-database.dispatcher-7 - Sent batch of 1 for UET:CI_ACCNT_NODE
2018-03-27 13:39:40,324 [DEBUG] from org.apache.zookeeper.ClientCnxn in play-dev-mode-akka.actor.default-dispatcher-3-SendThread(dvtcbddd01.corp.cox.com:2181) - Got ping response for sessionid: 0x15f6eed24966ce2 after 47ms
2018-03-27 13:39:53,672 [DEBUG] from org.apache.zookeeper.ClientCnxn in play-dev-mode-akka.actor.default-dispatcher-3-SendThread(dvtcbddd01.corp.cox.com:2181) - Got ping response for sessionid: 0x15f6eed24966ce2 after 47ms
2018-03-27 13:40:05,820 [DEBUG] from com.zaxxer.hikari.pool.HikariPool in HikariPool-1 housekeeper - HikariPool-1 - Pool stats (total=15, active=0, idle=15, waiting=0)
2018-03-27 13:40:07,010 [DEBUG] from org.apache.zookeeper.ClientCnxn in play-dev-mode-akka.actor.default-dispatcher-3-SendThread(dvtcbddd01.corp.cox.com:2181) - Got ping response for sessionid: 0x15f6eed24966ce2 after 47ms
2018-03-27 13:40:20,350 [DEBUG] from org.apache.zookeeper.ClientCnxn in play-dev-mode-akka.actor.default-dispatcher-3-SendThread(dvtcbddd01.corp.cox.com:2181) - Got ping response for sessionid: 0x15f6eed24966ce2 after 47ms
2018-03-27 13:40:20,587 [DEBUG] from org.apache.hadoop.security.UserGroupInformation in application-database.dispatcher-8 - PrivilegedAction as:bduet@HDP_DEV.COX.COM (auth:KERBEROS) from:models.CustomerRepository.$anonfun$saveCustomer$1(CustomerRepository.scala:96)
2018-03-27 13:40:20,697 [DEBUG] from org.apache.phoenix.execute.MutationState in application-database.dispatcher-8 - Sent batch of 1 for UET:CI_ACCNT_NODE
2018-03-27 13:40:33,693 [DEBUG] from org.apache.zookeeper.ClientCnxn in play-dev-mode-akka.actor.default-dispatcher-3-SendThread(dvtcbddd01.corp.cox.com:2181) - Got ping response for sessionid: 0x15f6eed24966ce2 after 50ms
2018-03-27 13:40:35,821 [DEBUG] from com.zaxxer.hikari.pool.HikariPool in HikariPool-1 housekeeper - HikariPool-1 - Pool stats (total=15, active=0, idle=15, waiting=0)
2018-03-27 13:40:43,248 [DEBUG] from org.apache.hadoop.security.UserGroupInformation in application-database.dispatcher-9 - PrivilegedAction as:bduet@HDP_DEV.COX.COM (auth:KERBEROS) from:models.CustomerRepository.$anonfun$saveCustomer$1(CustomerRepository.scala:96)
2018-03-27 13:40:43,306 [DEBUG] from org.apache.phoenix.execute.MutationState in application-database.dispatcher-9 - Sent batch of 1 for UET:CI_ACCNT_NODE
2018-03-27 13:40:47,030 [DEBUG] from org.apache.zookeeper.ClientCnxn in play-dev-mode-akka.actor.default-dispatcher-3-SendThread(dvtcbddd01.corp.cox.com:2181) - Got ping response for sessionid: 0x15f6eed24966ce2 after 47ms
2018-03-27 13:40:53,134 [DEBUG] from org.apache.hadoop.security.UserGroupInformation in application-database.dispatcher-10 - PrivilegedAction as:bduet@HDP_DEV.COX.COM (auth:KERBEROS) from:models.CustomerRepository.$anonfun$saveCustomer$1(CustomerRepository.scala:96)
2018-03-27 13:40:53,244 [DEBUG] from org.apache.phoenix.execute.MutationState in application-database.dispatcher-10 - Sent batch of 1 for UET:CI_ACCNT_NODE
2018-03-27 13:41:00,376 [DEBUG] from org.apache.zookeeper.ClientCnxn in play-dev-mode-akka.actor.default-dispatcher-3-SendThread(dvtcbddd01.corp.cox.com:2181) - Got ping response for sessionid: 0x15f6eed24966ce2 after 47ms
2018-03-27 13:41:05,821 [DEBUG] from com.zaxxer.hikari.pool.HikariPool in HikariPool-1 housekeeper - HikariPool-1 - Pool stats (total=15, active=0, idle=15, waiting=0)
2018-03-27 13:41:13,724 [DEBUG] from org.apache.zookeeper.ClientCnxn in play-dev-mode-akka.actor.default-dispatcher-3-SendThread(dvtcbddd01.corp.cox.com:2181) - Got ping response for sessionid: 0x15f6eed24966ce2 after 47ms
2018-03-27 13:41:27,070 [DEBUG] from org.apache.zookeeper.ClientCnxn in play-dev-mode-akka.actor.default-dispatcher-3-SendThread(dvtcbddd01.corp.cox.com:2181) - Got ping response for sessionid: 0x15f6eed24966ce2 after 47ms
2018-03-27 13:41:35,822 [DEBUG] from com.zaxxer.hikari.pool.HikariPool in HikariPool-1 housekeeper - HikariPool-1 - Pool stats (total=15, active=0, idle=15, waiting=0)
2018-03-27 13:41:40,409 [DEBUG] from org.apache.zookeeper.ClientCnxn in play-dev-mode-akka.actor.default-dispatcher-3-SendThread(dvtcbddd01.corp.cox.com:2181) - Got ping response for sessionid: 0x15f6eed24966ce2 after 47ms
2018-03-27 13:41:53,750 [DEBUG] from org.apache.zookeeper.ClientCnxn in play-dev-mode-akka.actor.default-dispatcher-3-SendThread(dvtcbddd01.corp.cox.com:2181) - Got ping response for sessionid: 0x15f6eed24966ce2 after 47ms
2018-03-27 13:42:05,823 [DEBUG] from com.zaxxer.hikari.pool.HikariPool in HikariPool-1 housekeeper - HikariPool-1 - Pool stats (total=15, active=0, idle=15, waiting=0)
2018-03-27 13:42:07,090 [DEBUG] from org.apache.zookeeper.ClientCnxn in play-dev-mode-akka.actor.default-dispatcher-3-SendThread(dvtcbddd01.corp.cox.com:2181) - Got ping response for sessionid: 0x15f6eed24966ce2 after 47ms
2018-03-27 13:42:20,430 [DEBUG] from org.apache.zookeeper.ClientCnxn in play-dev-mode-akka.actor.default-dispatcher-3-SendThread(dvtcbddd01.corp.cox.com:2181) - Got ping response for sessionid: 0x15f6eed24966ce2 after 47ms
2018-03-27 13:42:33,772 [DEBUG] from org.apache.zookeeper.ClientCnxn in play-dev-mode-akka.actor.default-dispatcher-3-SendThread(dvtcbddd01.corp.cox.com:2181) - Got ping response for sessionid: 0x15f6eed24966ce2 after 49ms
2018-03-27 13:42:35,823 [DEBUG] from com.zaxxer.hikari.pool.HikariPool in HikariPool-1 housekeeper - HikariPool-1 - Pool stats (total=15, active=0, idle=15, waiting=0)
2018-03-27 13:42:47,109 [DEBUG] from org.apache.zookeeper.ClientCnxn in play-dev-mode-akka.actor.default-dispatcher-3-SendThread(dvtcbddd01.corp.cox.com:2181) - Got ping response for sessionid: 0x15f6eed24966ce2 after 47ms
2018-03-27 13:43:00,450 [DEBUG] from org.apache.zookeeper.ClientCnxn in play-dev-mode-akka.actor.default-dispatcher-3-SendThread(dvtcbddd01.corp.cox.com:2181) - Got ping response for sessionid: 0x15f6eed24966ce2 after 47ms
2018-03-27 13:43:05,824 [DEBUG] from com.zaxxer.hikari.pool.HikariPool in HikariPool-1 housekeeper - HikariPool-1 - Pool stats (total=15, active=0, idle=15, waiting=0)
2018-03-27 13:43:13,790 [DEBUG] from org.apache.zookeeper.ClientCnxn in play-dev-mode-akka.actor.default-dispatcher-3-SendThread(dvtcbddd01.corp.cox.com:2181) - Got ping response for sessionid: 0x15f6eed24966ce2 after 47ms
2018-03-27 13:43:27,129 [DEBUG] from org.apache.zookeeper.ClientCnxn in play-dev-mode-akka.actor.default-dispatcher-3-SendThread(dvtcbddd01.corp.cox.com:2181) - Got ping response for sessionid: 0x15f6eed24966ce2 after 47ms
2018-03-27 13:43:35,824 [DEBUG] from com.zaxxer.hikari.pool.HikariPool in HikariPool-1 housekeeper - HikariPool-1 - Pool stats (total=15, active=0, idle=15, waiting=0)
2018-03-27 13:43:38,737 [DEBUG] from org.apache.hadoop.security.UserGroupInformation in application-database.dispatcher-11 - PrivilegedAction as:bduet@HDP_DEV.COX.COM (auth:KERBEROS) from:models.CustomerRepository.$anonfun$saveCustomer$1(CustomerRepository.scala:96)
2018-03-27 13:43:38,742 [DEBUG] from org.apache.hadoop.hbase.security.token.AuthenticationTokenSelector in hconnection-0x160d0ff8-shared--pool1-t21 - No matching token found
2018-03-27 13:43:38,742 [DEBUG] from org.apache.hadoop.hbase.ipc.AbstractRpcClient in hconnection-0x160d0ff8-shared--pool1-t21 - RPC Server Kerberos principal name for service=ClientService is hbase/dvtcbddd104.corp.cox.com@HDP_DEV.COX.COM
2018-03-27 13:43:38,742 [DEBUG] from org.apache.hadoop.hbase.ipc.AbstractRpcClient in hconnection-0x160d0ff8-shared--pool1-t21 - Use KERBEROS authentication for service ClientService, sasl=true
2018-03-27 13:43:38,742 [DEBUG] from org.apache.hadoop.hbase.ipc.AbstractRpcClient in hconnection-0x160d0ff8-shared--pool1-t21 - Connecting to dvtcbddd104.corp.cox.com/10.220.3.137:16020
2018-03-27 13:43:38,790 [DEBUG] from org.apache.hadoop.security.UserGroupInformation in hconnection-0x160d0ff8-shared--pool1-t21 - PrivilegedAction as:bduet@HDP_DEV.COX.COM (auth:KERBEROS) from:org.apache.hadoop.hbase.ipc.RpcClientImpl$Connection.setupIOstreams(RpcClientImpl.java:734)
2018-03-27 13:43:38,791 [DEBUG] from org.apache.hadoop.hbase.security.HBaseSaslRpcClient in hconnection-0x160d0ff8-shared--pool1-t21 - Creating SASL GSSAPI client. Server's Kerberos principal name is hbase/dvtcbddd104.corp.cox.com@HDP_DEV.COX.COM
2018-03-27 13:43:38,795 [DEBUG] from org.apache.hadoop.hbase.security.HBaseSaslRpcClient in hconnection-0x160d0ff8-shared--pool1-t21 - Have sent token of size 623 from initSASLContext.
2018-03-27 13:43:38,844 [DEBUG] from org.apache.hadoop.hbase.security.HBaseSaslRpcClient in hconnection-0x160d0ff8-shared--pool1-t21 - Will read input token of size 108 for processing by initSASLContext
2018-03-27 13:43:38,845 [DEBUG] from org.apache.hadoop.hbase.security.HBaseSaslRpcClient in hconnection-0x160d0ff8-shared--pool1-t21 - Will send token of size 0 from initSASLContext.
2018-03-27 13:43:38,894 [DEBUG] from org.apache.hadoop.hbase.security.HBaseSaslRpcClient in hconnection-0x160d0ff8-shared--pool1-t21 - Will read input token of size 32 for processing by initSASLContext
2018-03-27 13:43:38,894 [DEBUG] from org.apache.hadoop.hbase.security.HBaseSaslRpcClient in hconnection-0x160d0ff8-shared--pool1-t21 - Will send token of size 32 from initSASLContext.
2018-03-27 13:43:38,895 [DEBUG] from org.apache.hadoop.hbase.security.HBaseSaslRpcClient in hconnection-0x160d0ff8-shared--pool1-t21 - SASL client context established. Negotiated QoP: auth
2018-03-27 13:43:39,061 [DEBUG] from org.apache.phoenix.execute.MutationState in application-database.dispatcher-11 - Sent batch of 1 for UET:CI_ACCNT_NODE
2018-03-27 13:43:40,469 [DEBUG] from org.apache.zookeeper.ClientCnxn in play-dev-mode-akka.actor.default-dispatcher-3-SendThread(dvtcbddd01.corp.cox.com:2181) - Got ping response for sessionid: 0x15f6eed24966ce2 after 47ms
2018-03-27 13:43:53,809 [DEBUG] from org.apache.zookeeper.ClientCnxn in play-dev-mode-akka.actor.default-dispatcher-3-SendThread(dvtcbddd01.corp.cox.com:2181) - Got ping response for sessionid: 0x15f6eed24966ce2 after 47ms
2018-03-27 13:44:05,825 [DEBUG] from com.zaxxer.hikari.pool.HikariPool in HikariPool-1 housekeeper - HikariPool-1 - Pool stats (total=15, active=0, idle=15, waiting=0)
2018-03-27 13:44:07,150 [DEBUG] from org.apache.zookeeper.ClientCnxn in play-dev-mode-akka.actor.default-dispatcher-3-SendThread(dvtcbddd01.corp.cox.com:2181) - Got ping response for sessionid: 0x15f6eed24966ce2 after 47ms
2018-03-27 13:44:20,490 [DEBUG] from org.apache.zookeeper.ClientCnxn in play-dev-mode-akka.actor.default-dispatcher-3-SendThread(dvtcbddd01.corp.cox.com:2181) - Got ping response for sessionid: 0x15f6eed24966ce2 after 47ms
2018-03-27 13:44:33,830 [DEBUG] from org.apache.zookeeper.ClientCnxn in play-dev-mode-akka.actor.default-dispatcher-3-SendThread(dvtcbddd01.corp.cox.com:2181) - Got ping response for sessionid: 0x15f6eed24966ce2 after 47ms
2018-03-27 13:44:35,825 [DEBUG] from com.zaxxer.hikari.pool.HikariPool in HikariPool-1 housekeeper - HikariPool-1 - Pool stats (total=15, active=0, idle=15, waiting=0)
2018-03-27 13:44:47,169 [DEBUG] from org.apache.zookeeper.ClientCnxn in play-dev-mode-akka.actor.default-dispatcher-3-SendThread(dvtcbddd01.corp.cox.com:2181) - Got ping response for sessionid: 0x15f6eed24966ce2 after 47ms
2018-03-27 13:45:00,509 [DEBUG] from org.apache.zookeeper.ClientCnxn in play-dev-mode-akka.actor.default-dispatcher-3-SendThread(dvtcbddd01.corp.cox.com:2181) - Got ping response for sessionid: 0x15f6eed24966ce2 after 47ms
2018-03-27 13:45:05,826 [DEBUG] from com.zaxxer.hikari.pool.HikariPool in HikariPool-1 housekeeper - HikariPool-1 - Pool stats (total=15, active=0, idle=15, waiting=0)
2018-03-27 13:45:13,850 [DEBUG] from org.apache.zookeeper.ClientCnxn in play-dev-mode-akka.actor.default-dispatcher-3-SendThread(dvtcbddd01.corp.cox.com:2181) - Got ping response for sessionid: 0x15f6eed24966ce2 after 47ms
2018-03-27 13:45:27,190 [DEBUG] from org.apache.zookeeper.ClientCnxn in play-dev-mode-akka.actor.default-dispatcher-3-SendThread(dvtcbddd01.corp.cox.com:2181) - Got ping response for sessionid: 0x15f6eed24966ce2 after 48ms
2018-03-27 13:45:31,137 [DEBUG] from org.apache.hadoop.ipc.Client in pool-18-thread-1 - stopping client from cache: org.apache.hadoop.ipc.Client@5302bd62
2018-03-27 13:45:31,138 [DEBUG] from org.apache.hadoop.ipc.Client in pool-18-thread-1 - removing client from cache: org.apache.hadoop.ipc.Client@5302bd62
2018-03-27 13:45:31,138 [DEBUG] from org.apache.hadoop.ipc.Client in pool-18-thread-1 - stopping actual client because no more references remain: org.apache.hadoop.ipc.Client@5302bd62
2018-03-27 13:45:31,138 [DEBUG] from org.apache.hadoop.ipc.Client in pool-18-thread-1 - Stopping client
2018-03-27 13:45:31,139 [DEBUG] from org.apache.hadoop.util.ShutdownHookManager in Thread-10 - ShutdownHookManger complete shutdown.
